[debug] [2021-03-27T12:32:59.016Z] ----------------------------------------------------------------------
[debug] [2021-03-27T12:32:59.017Z] Command:       /usr/local/bin/node /usr/local/bin/firebase serve
[debug] [2021-03-27T12:32:59.017Z] CLI Version:   9.8.0
[debug] [2021-03-27T12:32:59.017Z] Platform:      darwin
[debug] [2021-03-27T12:32:59.017Z] Node Version:  v14.16.0
[debug] [2021-03-27T12:32:59.018Z] Time:          Sat Mar 27 2021 21:32:59 GMT+0900 (대한민국 표준시)
[debug] [2021-03-27T12:32:59.018Z] ----------------------------------------------------------------------
[debug] 
[debug] [2021-03-27T12:32:59.025Z] > command requires scopes: ["email","openid","https://www.googleapis.com/auth/cloudplatformprojects.readonly","https://www.googleapis.com/auth/firebase","https://www.googleapis.com/auth/cloud-platform"]
[debug] [2021-03-27T12:32:59.025Z] > authorizing via signed-in user
[debug] [2021-03-27T12:32:59.025Z] [iam] checking project cranberry-f84d9 for permissions ["firebase.projects.get"]
[debug] [2021-03-27T12:32:59.026Z] > refreshing access token with scopes: ["email","https://www.googleapis.com/auth/cloud-platform","https://www.googleapis.com/auth/cloudplatformprojects.readonly","https://www.googleapis.com/auth/firebase","openid"]
[debug] [2021-03-27T12:32:59.026Z] >>> HTTP REQUEST POST https://www.googleapis.com/oauth2/v3/token  
 <request body omitted>
[debug] [2021-03-27T12:32:59.316Z] <<< HTTP RESPONSE 200 {"date":"Sat, 27 Mar 2021 12:32:59 GMT","pragma":"no-cache","expires":"Mon, 01 Jan 1990 00:00:00 GMT","cache-control":"no-cache, no-store, max-age=0, must-revalidate","content-type":"application/json; charset=utf-8","vary":"X-Origin, Referer, Origin,Accept-Encoding","server":"scaffolding on HTTPServer2","x-xss-protection":"0","x-frame-options":"SAMEORIGIN","x-content-type-options":"nosniff","alt-svc":"h3-29=\":443\"; ma=2592000,h3-T051=\":443\"; ma=2592000,h3-Q050=\":443\"; ma=2592000,h3-Q046=\":443\"; ma=2592000,h3-Q043=\":443\"; ma=2592000,quic=\":443\"; ma=2592000; v=\"46,43\"","accept-ranges":"none","transfer-encoding":"chunked"}
[debug] [2021-03-27T12:32:59.343Z] >>> HTTP REQUEST POST https://cloudresourcemanager.googleapis.com/v1/projects/cranberry-f84d9:testIamPermissions  
 {"permissions":["firebase.projects.get"]}
[debug] [2021-03-27T12:33:00.110Z] <<< HTTP RESPONSE 200 {"content-type":"application/json; charset=UTF-8","vary":"X-Origin, Referer, Origin,Accept-Encoding","date":"Sat, 27 Mar 2021 12:33:00 GMT","server":"ESF","cache-control":"private","x-xss-protection":"0","x-frame-options":"SAMEORIGIN","x-content-type-options":"nosniff","server-timing":"gfet4t7; dur=586","alt-svc":"h3-29=\":443\"; ma=2592000,h3-T051=\":443\"; ma=2592000,h3-Q050=\":443\"; ma=2592000,h3-Q046=\":443\"; ma=2592000,h3-Q043=\":443\"; ma=2592000,quic=\":443\"; ma=2592000; v=\"46,43\"","accept-ranges":"none","transfer-encoding":"chunked"}
[debug] [2021-03-27T12:33:00.113Z] > refreshing access token with scopes: []
[debug] [2021-03-27T12:33:00.113Z] >>> HTTP REQUEST POST https://www.googleapis.com/oauth2/v3/token  
 <request body omitted>
[debug] [2021-03-27T12:33:00.379Z] <<< HTTP RESPONSE 200 {"cache-control":"no-cache, no-store, max-age=0, must-revalidate","pragma":"no-cache","date":"Sat, 27 Mar 2021 12:33:00 GMT","expires":"Mon, 01 Jan 1990 00:00:00 GMT","content-type":"application/json; charset=utf-8","vary":"X-Origin, Referer, Origin,Accept-Encoding","server":"scaffolding on HTTPServer2","x-xss-protection":"0","x-frame-options":"SAMEORIGIN","x-content-type-options":"nosniff","alt-svc":"h3-29=\":443\"; ma=2592000,h3-T051=\":443\"; ma=2592000,h3-Q050=\":443\"; ma=2592000,h3-Q046=\":443\"; ma=2592000,h3-Q043=\":443\"; ma=2592000,quic=\":443\"; ma=2592000; v=\"46,43\"","accept-ranges":"none","transfer-encoding":"chunked"}
[debug] [2021-03-27T12:33:00.409Z] >>> [apiv2][query] GET https://firebase.googleapis.com/v1beta1/projects/cranberry-f84d9 [none]
[debug] [2021-03-27T12:33:01.211Z] <<< [apiv2][status] GET https://firebase.googleapis.com/v1beta1/projects/cranberry-f84d9 200
[debug] [2021-03-27T12:33:01.212Z] <<< [apiv2][body] GET https://firebase.googleapis.com/v1beta1/projects/cranberry-f84d9 {"projectId":"cranberry-f84d9","projectNumber":"728439473986","displayName":"Cranberry","name":"projects/cranberry-f84d9","resources":{"hostingSite":"cranberry-f84d9","realtimeDatabaseInstance":"cranberry-f84d9-default-rtdb"},"state":"ACTIVE"}
[info] 
[info] === Serving from '/Users/sonchanhyeog/cranberry_web'...
[info] 
[debug] [2021-03-27T12:33:01.214Z] >>> [apiv2][query] GET https://firebase.googleapis.com/v1beta1/projects/cranberry-f84d9/webApps/-/config [none]
[debug] [2021-03-27T12:33:03.053Z] <<< [apiv2][status] GET https://firebase.googleapis.com/v1beta1/projects/cranberry-f84d9/webApps/-/config 200
[debug] [2021-03-27T12:33:03.054Z] <<< [apiv2][body] GET https://firebase.googleapis.com/v1beta1/projects/cranberry-f84d9/webApps/-/config {"projectId":"cranberry-f84d9","appId":"1:728439473986:web:29f3baf38d2897e9feeadb","databaseURL":"https://cranberry-f84d9-default-rtdb.firebaseio.com","storageBucket":"cranberry-f84d9.appspot.com","apiKey":"AIzaSyCxQQvNAtYmrBvfiL69T_ZT5f5mI7tbz9w","authDomain":"cranberry-f84d9.firebaseapp.com","messagingSenderId":"728439473986","measurementId":"G-HJL0SVMQRL"}
[info] i  hosting: Serving hosting files from: build {"metadata":{"emulator":{"name":"hosting"},"message":"Serving hosting files from: \u001b[1mbuild\u001b[22m"}}
[info] ✔  hosting: Local server: http://localhost:5000 {"metadata":{"emulator":{"name":"hosting"},"message":"Local server: \u001b[4m\u001b[1mhttp://localhost:5000\u001b[22m\u001b[24m"}}
